[{"line":1,"elements":[{"start_timestamp":"2023-08-03T20:25:24.734Z","before":[{"result":{"duration":107710600,"status":"passed"},"match":{"location":"com.exito.qa.exito.stepdefinitions.VirtualExitoStepdefinition.setup()"}}],"line":7,"name":"VirtualExito","description":"","id":"selectobjects;virtualexito","after":[{"result":{"status":"passed"},"match":{"location":"com.exito.qa.exito.stepdefinitions.VirtualExitoStepdefinition.tearDown()"}},{"result":{"status":"passed"},"match":{"location":"com.exito.qa.exito.stepdefinitions.VirtualExitoStepdefinition.setLastScenarioFlag()"}}],"type":"scenario","keyword":"Scenario","steps":[{"result":{"duration":21815038800,"status":"passed"},"line":8,"name":"that the User want select to categori in the application","match":{"location":"com.exito.qa.exito.stepdefinitions.VirtualExitoStepdefinition.that_the_user_want_select_to_categori_in_the_application()"},"keyword":"Given "},{"result":{"error_message":"net.thucydides.core.webdriver.exceptions.ElementShouldBePresentException: Expected condition failed: waiting for By.linkText: Agregar to be present (tried for 5 second(s) with 100 milliseconds interval)\nBuild info: version: '4.9.0', revision: 'd7057100a6'\nSystem info: os.name: 'Windows 10', os.arch: 'amd64', os.version: '10.0', java.version: '17.0.7'\nDriver info: driver.version: unknown\r\n\tat net.serenitybdd.core.pages.WebElementFacadeImpl.throwShouldBePresentErrorWithCauseIfPresent(WebElementFacadeImpl.java:1037)\r\n\tat net.serenitybdd.core.pages.WebElementFacadeImpl.waitUntilPresent(WebElementFacadeImpl.java:1010)\r\n\tat net.serenitybdd.core.pages.WebElementFacadeImpl.waitUntilElementPresent(WebElementFacadeImpl.java:913)\r\n\tat net.serenitybdd.core.pages.WebElementFacadeImpl.click(WebElementFacadeImpl.java:1207)\r\n\tat net.serenitybdd.screenplay.actions.ClickOnTarget.performAs(ClickOnTarget.java:14)\r\n\tat net.serenitybdd.screenplay.actions.ClickOnTarget$ByteBuddy$bDdR4wcV.performAs$accessor$mltV83gB(Unknown Source)\r\n\tat java.base/jdk.internal.reflect.NativeMethodAccessorImpl.invoke0(Native Method)\r\n\tat java.base/jdk.internal.reflect.NativeMethodAccessorImpl.invoke(NativeMethodAccessorImpl.java:77)\r\n\tat java.base/jdk.internal.reflect.DelegatingMethodAccessorImpl.invoke(DelegatingMethodAccessorImpl.java:43)\r\n\tat java.base/java.lang.reflect.Method.invoke(Method.java:568)\r\n\tat net.thucydides.core.steps.StepInterceptor.invokeMethod(StepInterceptor.java:518)\r\n\tat net.thucydides.core.steps.StepInterceptor.executeTestStepMethod(StepInterceptor.java:498)\r\n\tat net.thucydides.core.steps.StepInterceptor.runTestStep(StepInterceptor.java:472)\r\n\tat net.thucydides.core.steps.StepInterceptor.runOrSkipMethod(StepInterceptor.java:211)\r\n\tat net.thucydides.core.steps.StepInterceptor.testStepResult(StepInterceptor.java:198)\r\n\tat net.thucydides.core.steps.StepInterceptor.intercept(StepInterceptor.java:86)\r\n\tat net.thucydides.core.steps.ProxyConfiguration$InterceptorDispatcher.intercept(ProxyConfiguration.java:51)\r\n\tat net.serenitybdd.screenplay.actions.ClickOnTarget$ByteBuddy$bDdR4wcV.performAs(Unknown Source)\r\n\tat net.serenitybdd.screenplay.Actor.performTask(Actor.java:296)\r\n\tat net.serenitybdd.screenplay.Actor.perform(Actor.java:275)\r\n\tat net.serenitybdd.screenplay.Actor.attemptsTo(Actor.java:215)\r\n\tat net.serenitybdd.screenplay.Actor.attemptsTo(Actor.java:222)\r\n\tat com.exito.qa.exito.tasks.SelectTheProduct.performAs(SelectTheProduct.java:34)\r\n\tat com.exito.qa.exito.tasks.SelectTheProduct$ByteBuddy$C3g9Vzzr.performAs$accessor$TwaAzs7o(Unknown Source)\r\n\tat java.base/jdk.internal.reflect.NativeMethodAccessorImpl.invoke0(Native Method)\r\n\tat java.base/jdk.internal.reflect.NativeMethodAccessorImpl.invoke(NativeMethodAccessorImpl.java:77)\r\n\tat java.base/jdk.internal.reflect.DelegatingMethodAccessorImpl.invoke(DelegatingMethodAccessorImpl.java:43)\r\n\tat java.base/java.lang.reflect.Method.invoke(Method.java:568)\r\n\tat net.thucydides.core.steps.StepInterceptor.invokeMethod(StepInterceptor.java:518)\r\n\tat net.thucydides.core.steps.StepInterceptor.executeTestStepMethod(StepInterceptor.java:498)\r\n\tat net.thucydides.core.steps.StepInterceptor.runTestStep(StepInterceptor.java:472)\r\n\tat net.thucydides.core.steps.StepInterceptor.runOrSkipMethod(StepInterceptor.java:211)\r\n\tat net.thucydides.core.steps.StepInterceptor.testStepResult(StepInterceptor.java:198)\r\n\tat net.thucydides.core.steps.StepInterceptor.intercept(StepInterceptor.java:86)\r\n\tat net.thucydides.core.steps.ProxyConfiguration$InterceptorDispatcher.intercept(ProxyConfiguration.java:51)\r\n\tat com.exito.qa.exito.tasks.SelectTheProduct$ByteBuddy$C3g9Vzzr.performAs(Unknown Source)\r\n\tat net.serenitybdd.screenplay.Actor.performTask(Actor.java:296)\r\n\tat net.serenitybdd.screenplay.Actor.perform(Actor.java:275)\r\n\tat net.serenitybdd.screenplay.Actor.attemptsTo(Actor.java:215)\r\n\tat net.serenitybdd.screenplay.Actor.attemptsTo(Actor.java:222)\r\n\tat com.exito.qa.exito.stepdefinitions.VirtualExitoStepdefinition.user_select_five_product(VirtualExitoStepdefinition.java:105)\r\n\tat ✽.User select five product(file:///C:/Users/Vladimir%20B%20García/git/Exito/lib/src/test/resources/features/exito.feature:9)\r\nCaused by: org.openqa.selenium.TimeoutException: Expected condition failed: waiting for By.linkText: Agregar to be present (tried for 5 second(s) with 100 milliseconds interval)\nBuild info: version: '4.9.0', revision: 'd7057100a6'\nSystem info: os.name: 'Windows 10', os.arch: 'amd64', os.version: '10.0', java.version: '17.0.7'\nDriver info: driver.version: unknown\r\n\tat org.openqa.selenium.support.ui.FluentWait.timeoutException(FluentWait.java:263)\r\n\tat org.openqa.selenium.support.ui.FluentWait.until(FluentWait.java:231)\r\n\tat net.serenitybdd.core.pages.WebElementFacadeImpl.waitUntilPresent(WebElementFacadeImpl.java:1007)\r\n\tat net.serenitybdd.core.pages.WebElementFacadeImpl.waitUntilElementPresent(WebElementFacadeImpl.java:913)\r\n\tat net.serenitybdd.core.pages.WebElementFacadeImpl.click(WebElementFacadeImpl.java:1207)\r\n\tat net.serenitybdd.screenplay.actions.ClickOnTarget.performAs(ClickOnTarget.java:14)\r\n\tat net.serenitybdd.screenplay.actions.ClickOnTarget$ByteBuddy$bDdR4wcV.performAs$accessor$mltV83gB(Unknown Source)\r\n\tat java.base/jdk.internal.reflect.NativeMethodAccessorImpl.invoke0(Native Method)\r\n\tat java.base/jdk.internal.reflect.NativeMethodAccessorImpl.invoke(NativeMethodAccessorImpl.java:77)\r\n\tat java.base/jdk.internal.reflect.DelegatingMethodAccessorImpl.invoke(DelegatingMethodAccessorImpl.java:43)\r\n\tat java.base/java.lang.reflect.Method.invoke(Method.java:568)\r\n\tat net.thucydides.core.steps.StepInterceptor.invokeMethod(StepInterceptor.java:518)\r\n\tat net.thucydides.core.steps.StepInterceptor.executeTestStepMethod(StepInterceptor.java:498)\r\n\tat net.thucydides.core.steps.StepInterceptor.runTestStep(StepInterceptor.java:472)\r\n\tat net.thucydides.core.steps.StepInterceptor.runOrSkipMethod(StepInterceptor.java:211)\r\n\tat net.thucydides.core.steps.StepInterceptor.testStepResult(StepInterceptor.java:198)\r\n\tat net.thucydides.core.steps.StepInterceptor.intercept(StepInterceptor.java:86)\r\n\tat net.thucydides.core.steps.ProxyConfiguration$InterceptorDispatcher.intercept(ProxyConfiguration.java:51)\r\n\tat net.serenitybdd.screenplay.actions.ClickOnTarget$ByteBuddy$bDdR4wcV.performAs(Unknown Source)\r\n\tat net.serenitybdd.screenplay.Actor.performTask(Actor.java:296)\r\n\tat net.serenitybdd.screenplay.Actor.perform(Actor.java:275)\r\n\tat net.serenitybdd.screenplay.Actor.attemptsTo(Actor.java:215)\r\n\tat net.serenitybdd.screenplay.Actor.attemptsTo(Actor.java:222)\r\n\tat com.exito.qa.exito.tasks.SelectTheProduct.performAs(SelectTheProduct.java:34)\r\n\tat com.exito.qa.exito.tasks.SelectTheProduct$ByteBuddy$C3g9Vzzr.performAs$accessor$TwaAzs7o(Unknown Source)\r\n\tat java.base/jdk.internal.reflect.NativeMethodAccessorImpl.invoke0(Native Method)\r\n\tat java.base/jdk.internal.reflect.NativeMethodAccessorImpl.invoke(NativeMethodAccessorImpl.java:77)\r\n\tat java.base/jdk.internal.reflect.DelegatingMethodAccessorImpl.invoke(DelegatingMethodAccessorImpl.java:43)\r\n\tat java.base/java.lang.reflect.Method.invoke(Method.java:568)\r\n\tat net.thucydides.core.steps.StepInterceptor.invokeMethod(StepInterceptor.java:518)\r\n\tat net.thucydides.core.steps.StepInterceptor.executeTestStepMethod(StepInterceptor.java:498)\r\n\tat net.thucydides.core.steps.StepInterceptor.runTestStep(StepInterceptor.java:472)\r\n\tat net.thucydides.core.steps.StepInterceptor.runOrSkipMethod(StepInterceptor.java:211)\r\n\tat net.thucydides.core.steps.StepInterceptor.testStepResult(StepInterceptor.java:198)\r\n\tat net.thucydides.core.steps.StepInterceptor.intercept(StepInterceptor.java:86)\r\n\tat net.thucydides.core.steps.ProxyConfiguration$InterceptorDispatcher.intercept(ProxyConfiguration.java:51)\r\n\tat com.exito.qa.exito.tasks.SelectTheProduct$ByteBuddy$C3g9Vzzr.performAs(Unknown Source)\r\n\tat net.serenitybdd.screenplay.Actor.performTask(Actor.java:296)\r\n\tat net.serenitybdd.screenplay.Actor.perform(Actor.java:275)\r\n\tat net.serenitybdd.screenplay.Actor.attemptsTo(Actor.java:215)\r\n\tat net.serenitybdd.screenplay.Actor.attemptsTo(Actor.java:222)\r\n\tat com.exito.qa.exito.stepdefinitions.VirtualExitoStepdefinition.user_select_five_product(VirtualExitoStepdefinition.java:105)\r\n\tat java.base/jdk.internal.reflect.NativeMethodAccessorImpl.invoke0(Native Method)\r\n\tat java.base/jdk.internal.reflect.NativeMethodAccessorImpl.invoke(NativeMethodAccessorImpl.java:77)\r\n\tat java.base/jdk.internal.reflect.DelegatingMethodAccessorImpl.invoke(DelegatingMethodAccessorImpl.java:43)\r\n\tat java.base/java.lang.reflect.Method.invoke(Method.java:568)\r\n\tat io.cucumber.java.Invoker.doInvoke(Invoker.java:66)\r\n\tat io.cucumber.java.Invoker.invoke(Invoker.java:24)\r\n\tat io.cucumber.java.AbstractGlueDefinition.invokeMethod(AbstractGlueDefinition.java:47)\r\n\tat io.cucumber.java.JavaStepDefinition.execute(JavaStepDefinition.java:29)\r\n\tat io.cucumber.core.runner.CoreStepDefinition.execute(CoreStepDefinition.java:66)\r\n\tat io.cucumber.core.runner.PickleStepDefinitionMatch.runStep(PickleStepDefinitionMatch.java:63)\r\n\tat io.cucumber.core.runner.ExecutionMode$1.execute(ExecutionMode.java:10)\r\n\tat io.cucumber.core.runner.TestStep.executeStep(TestStep.java:84)\r\n\tat io.cucumber.core.runner.TestStep.run(TestStep.java:56)\r\n\tat io.cucumber.core.runner.PickleStepTestStep.run(PickleStepTestStep.java:51)\r\n\tat io.cucumber.core.runner.TestCase.run(TestCase.java:84)\r\n\tat io.cucumber.core.runner.Runner.runPickle(Runner.java:75)\r\n\tat io.cucumber.junit.PickleRunners$NoStepDescriptions.lambda$run$0(PickleRunners.java:151)\r\n\tat io.cucumber.core.runtime.CucumberExecutionContext.lambda$runTestCase$5(CucumberExecutionContext.java:137)\r\n\tat io.cucumber.core.runtime.RethrowingThrowableCollector.executeAndThrow(RethrowingThrowableCollector.java:23)\r\n\tat io.cucumber.core.runtime.CucumberExecutionContext.runTestCase(CucumberExecutionContext.java:137)\r\n\tat io.cucumber.junit.PickleRunners$NoStepDescriptions.run(PickleRunners.java:148)\r\n\tat io.cucumber.junit.FeatureRunner.runChild(FeatureRunner.java:144)\r\n\tat io.cucumber.junit.FeatureRunner.runChild(FeatureRunner.java:28)\r\n\tat org.junit.runners.ParentRunner$4.run(ParentRunner.java:331)\r\n\tat org.junit.runners.ParentRunner$1.schedule(ParentRunner.java:79)\r\n\tat org.junit.runners.ParentRunner.runChildren(ParentRunner.java:329)\r\n\tat org.junit.runners.ParentRunner.access$100(ParentRunner.java:66)\r\n\tat org.junit.runners.ParentRunner$2.evaluate(ParentRunner.java:293)\r\n\tat org.junit.runners.ParentRunner$3.evaluate(ParentRunner.java:306)\r\n\tat org.junit.runners.ParentRunner.run(ParentRunner.java:413)\r\n\tat io.cucumber.junit.FeatureRunner.run(FeatureRunner.java:137)\r\n\tat io.cucumber.junit.CucumberSerenityBaseRunner.runChild(CucumberSerenityBaseRunner.java:330)\r\n\tat io.cucumber.junit.CucumberSerenityBaseRunner.runChild(CucumberSerenityBaseRunner.java:51)\r\n\tat org.junit.runners.ParentRunner$4.run(ParentRunner.java:331)\r\n\tat org.junit.runners.ParentRunner$1.schedule(ParentRunner.java:79)\r\n\tat org.junit.runners.ParentRunner.runChildren(ParentRunner.java:329)\r\n\tat org.junit.runners.ParentRunner.access$100(ParentRunner.java:66)\r\n\tat org.junit.runners.ParentRunner$2.evaluate(ParentRunner.java:293)\r\n\tat io.cucumber.junit.CucumberSerenityBaseRunner$RunCucumber.evaluate(CucumberSerenityBaseRunner.java:361)\r\n\tat org.junit.runners.ParentRunner$3.evaluate(ParentRunner.java:306)\r\n\tat org.junit.runners.ParentRunner.run(ParentRunner.java:413)\r\n\tat org.eclipse.jdt.internal.junit4.runner.JUnit4TestReference.run(JUnit4TestReference.java:93)\r\n\tat org.eclipse.jdt.internal.junit.runner.TestExecution.run(TestExecution.java:40)\r\n\tat org.eclipse.jdt.internal.junit.runner.RemoteTestRunner.runTests(RemoteTestRunner.java:529)\r\n\tat org.eclipse.jdt.internal.junit.runner.RemoteTestRunner.runTests(RemoteTestRunner.java:756)\r\n\tat org.eclipse.jdt.internal.junit.runner.RemoteTestRunner.run(RemoteTestRunner.java:452)\r\n\tat org.eclipse.jdt.internal.junit.runner.RemoteTestRunner.main(RemoteTestRunner.java:210)\r\n","duration":22787263500,"status":"failed"},"line":9,"name":"User select five product","match":{"location":"com.exito.qa.exito.stepdefinitions.VirtualExitoStepdefinition.user_select_five_product()"},"keyword":"When "},{"result":{"duration":1993700,"status":"skipped"},"line":10,"name":"User should see the products in the car","match":{"location":"com.exito.qa.exito.stepdefinitions.VirtualExitoStepdefinition.user_should_see_the_products_in_the_car()"},"keyword":"Then "}],"tags":[{"name":"@VirtualExito"}]}],"name":"SelectObjects","description":"  As a Web User  \n  I want to use virtual exito\n  to search products in different subs and add to car","id":"selectobjects","keyword":"Feature","uri":"file:src/test/resources/features/exito.feature","tags":[]}]